This is pdfTeX, Version 3.141592653-2.6-1.40.24 (MiKTeX 21.12) (preloaded format=pdflatex 2022.3.11)  30 APR 2022 20:50
entering extended mode
 restricted \write18 enabled.
 file:line:error style messages enabled.
 %&-line parsing enabled.
**c:/Users/Jerzy/Documents/nauka/MAD-Projekt-1/Latex/MAD_Projekt1a.tex
(c:/Users/Jerzy/Documents/nauka/MAD-Projekt-1/Latex/MAD_Projekt1a.tex
LaTeX2e <2021-11-15> patch level 1
L3 programming layer <2021-11-22> (C:\Users\Jerzy\AppData\Local\Programs\MiKTeX\tex/latex/base\article.cls
Document Class: article 2021/10/04 v1.4n Standard LaTeX document class
(C:\Users\Jerzy\AppData\Local\Programs\MiKTeX\tex/latex/base\size10.clo
File: size10.clo 2021/10/04 v1.4n Standard LaTeX file (size option)
)
\c@part=\count183
\c@section=\count184
\c@subsection=\count185
\c@subsubsection=\count186
\c@paragraph=\count187
\c@subparagraph=\count188
\c@figure=\count189
\c@table=\count190
\abovecaptionskip=\skip47
\belowcaptionskip=\skip48
\bibindent=\dimen138
) (C:\Users\Jerzy\AppData\Local\Programs\MiKTeX\tex/latex/base\fontenc.sty
Package: fontenc 2021/04/29 v2.0v Standard LaTeX package
) (C:\Users\Jerzy\AppData\Local\Programs\MiKTeX\tex/generic/babel\babel.sty
Package: babel 2021/11/29 3.67 The Babel package
\babel@savecnt=\count191
\U@D=\dimen139
\l@unhyphenated=\language79
 (C:\Users\Jerzy\AppData\Local\Programs\MiKTeX\tex/generic/babel\txtbabel.def)
\bbl@readstream=\read2
\bbl@dirlevel=\count192

*************************************
* Local config file bblopts.cfg used
*
(C:\Users\Jerzy\AppData\Local\Programs\MiKTeX\tex/latex/arabi\bblopts.cfg
File: bblopts.cfg 2005/09/08 v0.1 add Arabic and Farsi to "declared" options of babel
) (C:\Users\Jerzy\AppData\Local\Programs\MiKTeX\tex/latex/babel-polish\polish.ldf
Language: polish 2005/03/31 v1.2l Polish support from the babel system
Package babel Info: Making " an active character on input line 83.
\pl@left=\dimen140
\pl@down=\dimen141
\pl@right=\dimen142
\pl@temp=\dimen143
)) (C:\Users\Jerzy\AppData\Local\Programs\MiKTeX\tex/latex/base\inputenc.sty
Package: inputenc 2021/02/14 v1.3d Input encoding file
\inpenc@prehook=\toks16
\inpenc@posthook=\toks17
) (C:\Users\Jerzy\AppData\Local\Programs\MiKTeX\tex/latex/amsmath\amsmath.sty
Package: amsmath 2021/10/15 v2.17l AMS math features
\@mathmargin=\skip49

For additional information on amsmath, use the `?' option.
(C:\Users\Jerzy\AppData\Local\Programs\MiKTeX\tex/latex/amsmath\amstext.sty
Package: amstext 2021/08/26 v2.01 AMS text
 (C:\Users\Jerzy\AppData\Local\Programs\MiKTeX\tex/latex/amsmath\amsgen.sty
File: amsgen.sty 1999/11/30 v2.0 generic functions
\@emptytoks=\toks18
\ex@=\dimen144
)) (C:\Users\Jerzy\AppData\Local\Programs\MiKTeX\tex/latex/amsmath\amsbsy.sty
Package: amsbsy 1999/11/29 v1.2d Bold Symbols
\pmbraise@=\dimen145
) (C:\Users\Jerzy\AppData\Local\Programs\MiKTeX\tex/latex/amsmath\amsopn.sty
Package: amsopn 2021/08/26 v2.02 operator names
)
\inf@bad=\count193
LaTeX Info: Redefining \frac on input line 234.
\uproot@=\count194
\leftroot@=\count195
LaTeX Info: Redefining \overline on input line 399.
\classnum@=\count196
\DOTSCASE@=\count197
LaTeX Info: Redefining \ldots on input line 496.
LaTeX Info: Redefining \dots on input line 499.
LaTeX Info: Redefining \cdots on input line 620.
\Mathstrutbox@=\box50
\strutbox@=\box51
\big@size=\dimen146
LaTeX Font Info:    Redeclaring font encoding OML on input line 743.
LaTeX Font Info:    Redeclaring font encoding OMS on input line 744.
\macc@depth=\count198
\c@MaxMatrixCols=\count199
\dotsspace@=\muskip16
\c@parentequation=\count266
\dspbrk@lvl=\count267
\tag@help=\toks19
\row@=\count268
\column@=\count269
\maxfields@=\count270
\andhelp@=\toks20
\eqnshift@=\dimen147
\alignsep@=\dimen148
\tagshift@=\dimen149
\tagwidth@=\dimen150
\totwidth@=\dimen151
\lineht@=\dimen152
\@envbody=\toks21
\multlinegap=\skip50
\multlinetaggap=\skip51
\mathdisplay@stack=\toks22
LaTeX Info: Redefining \[ on input line 2938.
LaTeX Info: Redefining \] on input line 2939.
) (C:\Users\Jerzy\AppData\Local\Programs\MiKTeX\tex/latex/listings\listings.sty (C:\Users\Jerzy\AppData\Local\Programs\MiKTeX\tex/latex/graphics\keyval.sty
Package: keyval 2014/10/28 v1.15 key=value parser (DPC)
\KV@toks@=\toks23
)
\lst@mode=\count271
\lst@gtempboxa=\box52
\lst@token=\toks24
\lst@length=\count272
\lst@currlwidth=\dimen153
\lst@column=\count273
\lst@pos=\count274
\lst@lostspace=\dimen154
\lst@width=\dimen155
\lst@newlines=\count275
\lst@lineno=\count276
\lst@maxwidth=\dimen156
 (C:\Users\Jerzy\AppData\Local\Programs\MiKTeX\tex/latex/listings\lstmisc.sty
File: lstmisc.sty 2020/03/24 1.8d (Carsten Heinz)
\c@lstnumber=\count277
\lst@skipnumbers=\count278
\lst@framebox=\box53
) (C:\Users\Jerzy\AppData\Local\Programs\MiKTeX\tex/latex/listings\listings.cfg
File: listings.cfg 2020/03/24 1.8d listings configuration
))
Package: listings 2020/03/24 1.8d (Carsten Heinz)
 (C:\Users\Jerzy\AppData\Local\Programs\MiKTeX\tex/latex/graphics\graphicx.sty
Package: graphicx 2021/09/16 v1.2d Enhanced LaTeX Graphics (DPC,SPQR)
 (C:\Users\Jerzy\AppData\Local\Programs\MiKTeX\tex/latex/graphics\graphics.sty
Package: graphics 2021/03/04 v1.4d Standard LaTeX Graphics (DPC,SPQR)
 (C:\Users\Jerzy\AppData\Local\Programs\MiKTeX\tex/latex/graphics\trig.sty
Package: trig 2021/08/11 v1.11 sin cos tan (DPC)
) (C:\Users\Jerzy\AppData\Local\Programs\MiKTeX\tex/latex/graphics-cfg\graphics.cfg
File: graphics.cfg 2016/06/04 v1.11 sample graphics configuration
)
Package graphics Info: Driver file: pdftex.def on input line 107.
 (C:\Users\Jerzy\AppData\Local\Programs\MiKTeX\tex/latex/graphics-def\pdftex.def
File: pdftex.def 2020/10/05 v1.2a Graphics/color driver for pdftex
))
\Gin@req@height=\dimen157
\Gin@req@width=\dimen158
) (C:\Users\Jerzy\AppData\Local\Programs\MiKTeX\tex/latex/tools\array.sty
Package: array 2021/10/04 v2.5f Tabular extension package (FMi)
\col@sep=\dimen159
\ar@mcellbox=\box54
\extrarowheight=\dimen160
\NC@list=\toks25
\extratabsurround=\skip52
\backup@length=\skip53
\ar@cellbox=\box55
) (C:\Users\Jerzy\AppData\Local\Programs\MiKTeX\tex/latex/float\float.sty
Package: float 2001/11/08 v1.3d Float enhancements (AL)
\c@float@type=\count279
\float@exts=\toks26
\float@box=\box56
\@float@everytoks=\toks27
\@floatcapt=\box57
) (C:\Users\Jerzy\AppData\Local\Programs\MiKTeX\tex/latex/url\url.sty
\Urlmuskip=\muskip17
Package: url 2013/09/16  ver 3.4  Verb mode for urls, etc.
) (C:\Users\Jerzy\AppData\Local\Programs\MiKTeX\tex/latex/l3backend\l3backend-pdftex.def
File: l3backend-pdftex.def 2021-10-18 L3 backend support: PDF output (pdfTeX)
\l__color_backend_stack_int=\count280
\l__pdf_internal_box=\box58
) (MAD_Projekt1a.aux)
\openout1 = `MAD_Projekt1a.aux'.

LaTeX Font Info:    Checking defaults for OML/cmm/m/it on input line 40.
LaTeX Font Info:    ... okay on input line 40.
LaTeX Font Info:    Checking defaults for OMS/cmsy/m/n on input line 40.
LaTeX Font Info:    ... okay on input line 40.
LaTeX Font Info:    Checking defaults for OT1/cmr/m/n on input line 40.
LaTeX Font Info:    ... okay on input line 40.
LaTeX Font Info:    Checking defaults for T1/cmr/m/n on input line 40.
LaTeX Font Info:    ... okay on input line 40.
LaTeX Font Info:    Checking defaults for TS1/cmr/m/n on input line 40.
LaTeX Font Info:    ... okay on input line 40.
LaTeX Font Info:    Checking defaults for OMX/cmex/m/n on input line 40.
LaTeX Font Info:    ... okay on input line 40.
LaTeX Font Info:    Checking defaults for U/cmr/m/n on input line 40.
LaTeX Font Info:    ... okay on input line 40.
\c@lstlisting=\count281
 (C:\Users\Jerzy\AppData\Local\Programs\MiKTeX\tex/context/base/mkii\supp-pdf.mkii
[Loading MPS to PDF converter (version 2006.09.02).]
\scratchcounter=\count282
\scratchdimen=\dimen161
\scratchbox=\box59
\nofMPsegments=\count283
\nofMParguments=\count284
\everyMPshowfont=\toks28
\MPscratchCnt=\count285
\MPscratchDim=\dimen162
\MPnumerator=\count286
\makeMPintoPDFobject=\count287
\everyMPtoPDFconversion=\toks29
) (C:\Users\Jerzy\AppData\Local\Programs\MiKTeX\tex/latex/epstopdf-pkg\epstopdf-base.sty
Package: epstopdf-base 2020-01-24 v2.11 Base part for package epstopdf
Package epstopdf-base Info: Redefining graphics rule for `.eps' on input line 485.
 (C:\Users\Jerzy\AppData\Local\Programs\MiKTeX\tex/latex/00miktex\epstopdf-sys.cfg
File: epstopdf-sys.cfg 2021/03/18 v2.0 Configuration of epstopdf for MiKTeX
)) [1

{C:/Users/Jerzy/AppData/Local/MiKTeX/fonts/map/pdftex/pdftex.map}]
Underfull \hbox (badness 10000) in paragraph at lines 75--81

 []


Underfull \hbox (badness 10000) in paragraph at lines 75--81

 []


Overfull \hbox (0.55582pt too wide) in paragraph at lines 81--81
[]\T1/cmr/bx/n/12 Cytowanie po-wi¡-zane te-ma-tycz-nie i krótki opis co byªo
 []


Underfull \hbox (badness 10000) in paragraph at lines 82--85

 []

[2]
Overfull \hbox (62.56679pt too wide) in paragraph at lines 110--127
 [] 
 []

[3]
<../images/methods/../boxplots/boxplot_noscale_fig.jpeg, id=21, 1927.2pt x 992.70876pt>
File: ../images/methods/../boxplots/boxplot_noscale_fig.jpeg Graphic file (type jpg)
<use ../images/methods/../boxplots/boxplot_noscale_fig.jpeg>
Package pdftex.def Info: ../images/methods/../boxplots/boxplot_noscale_fig.jpeg  used on input line 132.
(pdftex.def)             Requested size: 345.0pt x 177.71042pt.
<../images/methods/../boxplots/boxplot_scale_fig.jpeg, id=22, 1927.2pt x 992.70876pt>
File: ../images/methods/../boxplots/boxplot_scale_fig.jpeg Graphic file (type jpg)
<use ../images/methods/../boxplots/boxplot_scale_fig.jpeg>
Package pdftex.def Info: ../images/methods/../boxplots/boxplot_scale_fig.jpeg  used on input line 138.
(pdftex.def)             Requested size: 345.0pt x 177.71042pt.
 [4 <../images/methods/../boxplots/boxplot_noscale_fig.jpeg>]
<../images/methods/../histograms/mpg_hist.jpeg, id=26, 666.49pt x 666.49pt>
File: ../images/methods/../histograms/mpg_hist.jpeg Graphic file (type jpg)
<use ../images/methods/../histograms/mpg_hist.jpeg>
Package pdftex.def Info: ../images/methods/../histograms/mpg_hist.jpeg  used on input line 144.
(pdftex.def)             Requested size: 241.49895pt x 241.49219pt.
<../images/methods/../histograms/cylinders_hist.jpeg, id=27, 666.49pt x 666.49pt>
File: ../images/methods/../histograms/cylinders_hist.jpeg Graphic file (type jpg)
<use ../images/methods/../histograms/cylinders_hist.jpeg>
Package pdftex.def Info: ../images/methods/../histograms/cylinders_hist.jpeg  used on input line 149.
(pdftex.def)             Requested size: 241.49895pt x 241.49219pt.
<../images/methods/../histograms/displacement_hist.jpeg, id=28, 666.49pt x 666.49pt>
File: ../images/methods/../histograms/displacement_hist.jpeg Graphic file (type jpg)
<use ../images/methods/../histograms/displacement_hist.jpeg>
Package pdftex.def Info: ../images/methods/../histograms/displacement_hist.jpeg  used on input line 154.
(pdftex.def)             Requested size: 241.49895pt x 241.49219pt.
 [5 <../images/methods/../boxplots/boxplot_scale_fig.jpeg> <../images/methods/../histograms/mpg_hist.jpeg>]
<../images/methods/../histograms/horsepower_hist.jpeg, id=32, 666.49pt x 666.49pt>
File: ../images/methods/../histograms/horsepower_hist.jpeg Graphic file (type jpg)
<use ../images/methods/../histograms/horsepower_hist.jpeg>
Package pdftex.def Info: ../images/methods/../histograms/horsepower_hist.jpeg  used on input line 159.
(pdftex.def)             Requested size: 241.49895pt x 241.49219pt.
<../images/methods/../histograms/weight_hist.jpeg, id=33, 666.49pt x 666.49pt>
File: ../images/methods/../histograms/weight_hist.jpeg Graphic file (type jpg)
<use ../images/methods/../histograms/weight_hist.jpeg>
Package pdftex.def Info: ../images/methods/../histograms/weight_hist.jpeg  used on input line 164.
(pdftex.def)             Requested size: 241.49895pt x 241.49219pt.
 [6 <../images/methods/../histograms/cylinders_hist.jpeg> <../images/methods/../histograms/displacement_hist.jpeg>]
<../images/methods/../histograms/acceleration_hist.jpeg, id=37, 666.49pt x 666.49pt>
File: ../images/methods/../histograms/acceleration_hist.jpeg Graphic file (type jpg)
<use ../images/methods/../histograms/acceleration_hist.jpeg>
Package pdftex.def Info: ../images/methods/../histograms/acceleration_hist.jpeg  used on input line 169.
(pdftex.def)             Requested size: 241.49895pt x 241.49219pt.
<../images/methods/../histograms/model_hist.jpeg, id=38, 666.49pt x 666.49pt>
File: ../images/methods/../histograms/model_hist.jpeg Graphic file (type jpg)
<use ../images/methods/../histograms/model_hist.jpeg>
Package pdftex.def Info: ../images/methods/../histograms/model_hist.jpeg  used on input line 174.
(pdftex.def)             Requested size: 241.49895pt x 241.49219pt.
 [7 <../images/methods/../histograms/horsepower_hist.jpeg> <../images/methods/../histograms/weight_hist.jpeg>]
<../images/methods/../histograms/origin_hist.jpeg, id=43, 666.49pt x 666.49pt>
File: ../images/methods/../histograms/origin_hist.jpeg Graphic file (type jpg)
<use ../images/methods/../histograms/origin_hist.jpeg>
Package pdftex.def Info: ../images/methods/../histograms/origin_hist.jpeg  used on input line 179.
(pdftex.def)             Requested size: 241.49895pt x 241.49219pt.
 [8 <../images/methods/../histograms/acceleration_hist.jpeg> <../images/methods/../histograms/model_hist.jpeg>]
File: ../images/methods/../boxplots/boxplot_noscale_fig.jpeg Graphic file (type jpg)
<use ../images/methods/../boxplots/boxplot_noscale_fig.jpeg>
Package pdftex.def Info: ../images/methods/../boxplots/boxplot_noscale_fig.jpeg  used on input line 187.
(pdftex.def)             Requested size: 345.0pt x 177.71042pt.
 [9 <../images/methods/../histograms/origin_hist.jpeg>] [10]
<../images/methods/elbow_fig.jpeg, id=59, 1927.2pt x 992.70876pt>
File: ../images/methods/elbow_fig.jpeg Graphic file (type jpg)
<use ../images/methods/elbow_fig.jpeg>
Package pdftex.def Info: ../images/methods/elbow_fig.jpeg  used on input line 259.
(pdftex.def)             Requested size: 345.0pt x 177.71042pt.
 [11]
<../images/methods/silhouette_fig.jpeg, id=63, 1927.2pt x 992.70876pt>
File: ../images/methods/silhouette_fig.jpeg Graphic file (type jpg)
<use ../images/methods/silhouette_fig.jpeg>
Package pdftex.def Info: ../images/methods/silhouette_fig.jpeg  used on input line 264.
(pdftex.def)             Requested size: 345.0pt x 177.71042pt.

Underfull \hbox (badness 10000) in paragraph at lines 264--268

 []

[12 <../images/methods/elbow_fig.jpeg> <../images/methods/silhouette_fig.jpeg>]
<../images/methods/kmeans_fig.jpeg, id=67, 1927.2pt x 992.70876pt>
File: ../images/methods/kmeans_fig.jpeg Graphic file (type jpg)
<use ../images/methods/kmeans_fig.jpeg>
Package pdftex.def Info: ../images/methods/kmeans_fig.jpeg  used on input line 270.
(pdftex.def)             Requested size: 345.0pt x 177.71042pt.

Underfull \hbox (badness 10000) in paragraph at lines 270--279

 []


Underfull \hbox (badness 10000) in paragraph at lines 270--279

 []

<../images/methods/ward_fig.jpeg, id=68, 1445.4pt x 744.53156pt>
File: ../images/methods/ward_fig.jpeg Graphic file (type jpg)
<use ../images/methods/ward_fig.jpeg>
Package pdftex.def Info: ../images/methods/ward_fig.jpeg  used on input line 282.
(pdftex.def)             Requested size: 345.0pt x 177.70285pt.
<../images/methods/single_fig.jpeg, id=69, 1927.2pt x 992.70876pt>
File: ../images/methods/single_fig.jpeg Graphic file (type jpg)
<use ../images/methods/single_fig.jpeg>
Package pdftex.def Info: ../images/methods/single_fig.jpeg  used on input line 283.
(pdftex.def)             Requested size: 345.0pt x 177.71042pt.
<../images/methods/complete_fig.jpeg, id=70, 1927.2pt x 992.70876pt>
File: ../images/methods/complete_fig.jpeg Graphic file (type jpg)
<use ../images/methods/complete_fig.jpeg>
Package pdftex.def Info: ../images/methods/complete_fig.jpeg  used on input line 284.
(pdftex.def)             Requested size: 345.0pt x 177.71042pt.
<../images/methods/average_fig.jpeg, id=71, 1927.2pt x 992.70876pt>
File: ../images/methods/average_fig.jpeg Graphic file (type jpg)
<use ../images/methods/average_fig.jpeg>
Package pdftex.def Info: ../images/methods/average_fig.jpeg  used on input line 285.
(pdftex.def)             Requested size: 345.0pt x 177.71042pt.

Overfull \hbox (0.22589pt too wide) in paragraph at lines 282--289
\T1/cmr/m/n/10 Jak wi-dzimy wy-kresy wy-gl¡-daj¡ bar-dzo ró»-nie. Grupy zna-le-zione me-tod¡ Warda
 []

[13 <../images/methods/kmeans_fig.jpeg>] [14 <../images/methods/ward_fig.jpeg> <../images/methods/single_fig.jpeg>]
<../images/methods/som_counts_fig.jpeg, id=79, 1927.2pt x 992.70876pt>
File: ../images/methods/som_counts_fig.jpeg Graphic file (type jpg)
<use ../images/methods/som_counts_fig.jpeg>
Package pdftex.def Info: ../images/methods/som_counts_fig.jpeg  used on input line 295.
(pdftex.def)             Requested size: 345.0pt x 177.71042pt.
 [15 <../images/methods/complete_fig.jpeg> <../images/methods/average_fig.jpeg>]
<../images/methods/som_codes_fig.jpeg, id=83, 1927.2pt x 992.70876pt>
File: ../images/methods/som_codes_fig.jpeg Graphic file (type jpg)
<use ../images/methods/som_codes_fig.jpeg>
Package pdftex.def Info: ../images/methods/som_codes_fig.jpeg  used on input line 299.
(pdftex.def)             Requested size: 345.0pt x 177.71042pt.
 [16 <../images/methods/som_counts_fig.jpeg> <../images/methods/som_codes_fig.jpeg>]
<../images/methods/som_neighbour_dist_fig.jpeg, id=87, 1927.2pt x 992.70876pt>
File: ../images/methods/som_neighbour_dist_fig.jpeg Graphic file (type jpg)
<use ../images/methods/som_neighbour_dist_fig.jpeg>
Package pdftex.def Info: ../images/methods/som_neighbour_dist_fig.jpeg  used on input line 303.
(pdftex.def)             Requested size: 345.0pt x 177.71042pt.
<../images/methods/som_changes_fig.jpeg, id=88, 1927.2pt x 992.70876pt>
File: ../images/methods/som_changes_fig.jpeg Graphic file (type jpg)
<use ../images/methods/som_changes_fig.jpeg>
Package pdftex.def Info: ../images/methods/som_changes_fig.jpeg  used on input line 309.
(pdftex.def)             Requested size: 345.0pt x 177.71042pt.
 [17 <../images/methods/som_neighbour_dist_fig.jpeg> <../images/methods/som_changes_fig.jpeg>]
LaTeX Font Info:    Trying to load font information for T1+cmtt on input line 332.
 (C:\Users\Jerzy\AppData\Local\Programs\MiKTeX\tex/latex/base\t1cmtt.fd
File: t1cmtt.fd 2019/12/16 v2.5j Standard LaTeX font definitions
)
Overfull \hbox (54.65903pt too wide) in paragraph at lines 332--333
[]$\T1/cmtt/m/n/10 https : / / github . com / RodolfoViana / exploratory-[]data-[]analysis-[]dataset-[]cars /
 []

[18]
Overfull \hbox (16.418pt too wide) in paragraph at lines 334--335
[]$\T1/cmtt/m/n/10 https : / / pbiecek . github . io / NaPrzelajDataMiningR / part-[]3 . html # part _
 []


Overfull \hbox (59.40775pt too wide) in paragraph at lines 335--336
[]$\T1/cmtt/m/n/10 https : / / nauka . metodolog . pl / metody-[]analizy-[]skupien-[]segmentacjagrupowanie/$ 
 []


Overfull \hbox (5.42056pt too wide) in paragraph at lines 336--337
[]$\T1/cmtt/m/n/10 https : / / www . statsoft . pl / textbook / stathome _ stat . html ? https \ %3A %
 []


Overfull \hbox (156.38467pt too wide) in paragraph at lines 337--338
[]$\T1/cmtt/m/n/10 https : / / www . r-[]bloggers . com / 2014 / 02 / self-[]organising-[]maps-[]for-[]customer-[]segmentation-[]using-[]r/$ 
 []


Overfull \hbox (26.41544pt too wide) in paragraph at lines 338--339
[]$\T1/cmtt/m/n/10 https : / / pbiecek . gitbooks . io / przewodnik / content / Analiza / beznadzoru /
 []

[19] (MAD_Projekt1a.aux) ) 
Here is how much of TeX's memory you used:
 5075 strings out of 478659
 83090 string characters out of 2845920
 395791 words of memory out of 3000000
 23115 multiletter control sequences out of 15000+600000
 414018 words of font info for 51 fonts, out of 8000000 for 9000
 1141 hyphenation exceptions out of 8191
 55i,8n,62p,973b,275s stack positions out of 5000i,500n,10000p,200000b,80000s
 <C:\Users\Jerzy\AppData\Local\MiKTeX\fonts/pk/ljfour/jknappen/ec/dpi600\ectt1000.pk> <C:\Users\Jerzy\AppData\Local\MiKTeX\fonts/pk/ljfour/jknappen/ec/dpi600\ecbx1000.pk> <C:\Users\Jerzy\AppData\Local\MiKTeX\fonts/pk/ljfour/jknappen/ec/dpi600\ecbx1200.pk> <C:\Users\Jerzy\AppData\Local\MiKTeX\fonts/pk/ljfour/jknappen/ec/dpi600\ecti1000.pk> <C:\Users\Jerzy\AppData\Local\MiKTeX\fonts/pk/ljfour/jknappen/ec/dpi600\tcrm1000.pk> <C:\Users\Jerzy\AppData\Local\MiKTeX\fonts/pk/ljfour/jknappen/ec/dpi600\ecrm1000.pk> <C:\Users\Jerzy\AppData\Local\MiKTeX\fonts/pk/ljfour/jknappen/ec/dpi600\ecbx1440.pk> <C:\Users\Jerzy\AppData\Local\MiKTeX\fonts/pk/ljfour/jknappen/ec/dpi600\ecrm1200.pk> <C:\Users\Jerzy\AppData\Local\MiKTeX\fonts/pk/ljfour/jknappen/ec/dpi600\ecrm1728.pk><C:/Users/Jerzy/AppData/Local/Programs/MiKTeX/fonts/type1/public/amsfonts/cm/cmex10.pfb><C:/Users/Jerzy/AppData/Local/Programs/MiKTeX/fonts/type1/public/amsfonts/cm/cmmi10.pfb><C:/Users/Jerzy/AppData/Local/Programs/MiKTeX/fonts/type1/public/amsfonts/cm/cmmi5.pfb><C:/Users/Jerzy/AppData/Local/Programs/MiKTeX/fonts/type1/public/amsfonts/cm/cmmi7.pfb><C:/Users/Jerzy/AppData/Local/Programs/MiKTeX/fonts/type1/public/amsfonts/cm/cmr10.pfb><C:/Users/Jerzy/AppData/Local/Programs/MiKTeX/fonts/type1/public/amsfonts/cm/cmr7.pfb><C:/Users/Jerzy/AppData/Local/Programs/MiKTeX/fonts/type1/public/amsfonts/cm/cmsy10.pfb><C:/Users/Jerzy/AppData/Local/Programs/MiKTeX/fonts/type1/public/amsfonts/cm/cmsy7.pfb>
Output written on MAD_Projekt1a.pdf (19 pages, 4987113 bytes).
PDF statistics:
 521 PDF objects out of 1000 (max. 8388607)
 0 named destinations out of 1000 (max. 500000)
 106 words of extra memory for PDF output out of 10000 (max. 10000000)

